<?xml version="1.0" encoding="UTF-8"?>
<testsuite name="TestScripts" tests="1" skipped="0" failures="0" errors="0" timestamp="2019-07-31T03:19:55" hostname="LAPTOP-RE528AID" time="0.001">
  <properties/>
  <testcase name="AnnotationTest" classname="TestScripts" time="0.001"/>
  <system-out><![CDATA[]]></system-out>
  <system-err><![CDATA[]]></system-err>
</testsuite>
